[    0.000000] Initializing cgroup subsys cpuset
[    0.000000] Initializing cgroup subsys cpu
[    0.000000] Initializing cgroup subsys cpuacct
[    0.000000] Linux version 4.4.0-210-generic (buildd@lgw01-amd64-009) (gcc version 5.4.0 20160609 (Ubuntu 5.4.0-6ubuntu1~16.04.12) ) #242-Ubuntu SMP Fri Apr 16 09:57:56 UTC 2021 (Ubuntu 4.4.0-210.242-generic 4.4.262)
[    0.000000] Command line: BOOT_IMAGE=/boot/vmlinuz-4.4.0-210-generic root=LABEL=cloudimg-rootfs ro console=tty1 console=ttyS0
[    0.000000] KERNEL supported cpus:
[    0.000000]   Intel GenuineIntel
[    0.000000]   AMD AuthenticAMD
[    0.000000]   Centaur CentaurHauls
[    0.000000] x86/fpu: xstate_offset[2]:  576, xstate_sizes[2]:  256
[    0.000000] x86/fpu: Supporting XSAVE feature 0x01: 'x87 floating point registers'
[    0.000000] x86/fpu: Supporting XSAVE feature 0x02: 'SSE registers'
[    0.000000] x86/fpu: Supporting XSAVE feature 0x04: 'AVX registers'
[    0.000000] x86/fpu: Enabled xstate features 0x7, context size is 832 bytes, using 'standard' format.
[    0.000000] e820: BIOS-provided physical RAM map:
[    0.000000] BIOS-e820: [mem 0x0000000000000000-0x000000000009fbff] usable
[    0.000000] BIOS-e820: [mem 0x000000000009fc00-0x000000000009ffff] reserved
[    0.000000] BIOS-e820: [mem 0x00000000000f0000-0x00000000000fffff] reserved
[    0.000000] BIOS-e820: [mem 0x0000000000100000-0x000000003ffeffff] usable
[    0.000000] BIOS-e820: [mem 0x000000003fff0000-0x000000003fffffff] ACPI data
[    0.000000] BIOS-e820: [mem 0x00000000fec00000-0x00000000fec00fff] reserved
[    0.000000] BIOS-e820: [mem 0x00000000fee00000-0x00000000fee00fff] reserved
[    0.000000] BIOS-e820: [mem 0x00000000fffc0000-0x00000000ffffffff] reserved
[    0.000000] NX (Execute Disable) protection: active
[    0.000000] SMBIOS 2.5 present.
[    0.000000] Hypervisor detected: KVM
[    0.000000] Kernel/User page tables isolation: disabled
[    0.000000] e820: last_pfn = 0x3fff0 max_arch_pfn = 0x400000000
[    0.000000] MTRR: Disabled
[    0.000000] x86/PAT: MTRRs disabled, skipping PAT initialization too.
[    0.000000] CPU MTRRs all blank - virtualized system.
[    0.000000] x86/PAT: Configuration [0-7]: WB  WT  UC- UC  WB  WT  UC- UC  
[    0.000000] found SMP MP-table at [mem 0x0009fff0-0x0009ffff] mapped at [ffff88000009fff0]
[    0.000000] Scanning 1 areas for low memory corruption
[    0.000000] RAMDISK: [mem 0x362dc000-0x37165fff]
[    0.000000] ACPI: Early table checksum verification disabled
[    0.000000] ACPI: RSDP 0x00000000000E0000 000024 (v02 VBOX  )
[    0.000000] ACPI: XSDT 0x000000003FFF0030 00003C (v01 VBOX   VBOXXSDT 00000001 ASL  00000061)
[    0.000000] ACPI: FACP 0x000000003FFF00F0 0000F4 (v04 VBOX   VBOXFACP 00000001 ASL  00000061)
[    0.000000] ACPI: DSDT 0x000000003FFF0610 002353 (v02 VBOX   VBOXBIOS 00000002 INTL 20100528)
[    0.000000] ACPI: FACS 0x000000003FFF0200 000040
[    0.000000] ACPI: FACS 0x000000003FFF0200 000040
[    0.000000] ACPI: APIC 0x000000003FFF0240 00005C (v02 VBOX   VBOXAPIC 00000001 ASL  00000061)
[    0.000000] ACPI: SSDT 0x000000003FFF02A0 00036C (v01 VBOX   VBOXCPUT 00000002 INTL 20100528)
[    0.000000] No NUMA configuration found
[    0.000000] Faking a node at [mem 0x0000000000000000-0x000000003ffeffff]
[    0.000000] NODE_DATA(0) allocated [mem 0x3ffeb000-0x3ffeffff]
[    0.000000] kvm-clock: Using msrs 4b564d01 and 4b564d00
[    0.000000] kvm-clock: cpu 0, msr 0:3ffe3001, primary cpu clock
[    0.000000] kvm-clock: using sched offset of 3181177324 cycles
[    0.000000] clocksource: kvm-clock: mask: 0xffffffffffffffff max_cycles: 0x1cd42e4dffb, max_idle_ns: 881590591483 ns
[    0.000000] Zone ranges:
[    0.000000]   DMA      [mem 0x0000000000001000-0x0000000000ffffff]
[    0.000000]   DMA32    [mem 0x0000000001000000-0x000000003ffeffff]
[    0.000000]   Normal   empty
[    0.000000]   Device   empty
[    0.000000] Movable zone start for each node
[    0.000000] Early memory node ranges
[    0.000000]   node   0: [mem 0x0000000000001000-0x000000000009efff]
[    0.000000]   node   0: [mem 0x0000000000100000-0x000000003ffeffff]
[    0.000000] Initmem setup node 0 [mem 0x0000000000001000-0x000000003ffeffff]
[    0.000000] ACPI: PM-Timer IO Port: 0x4008
[    0.000000] IOAPIC[0]: apic_id 2, version 32, address 0xfec00000, GSI 0-23
[    0.000000] ACPI: INT_SRC_OVR (bus 0 bus_irq 0 global_irq 2 dfl dfl)
[    0.000000] ACPI: INT_SRC_OVR (bus 0 bus_irq 9 global_irq 9 low level)
[    0.000000] Using ACPI (MADT) for SMP configuration information
[    0.000000] smpboot: Allowing 2 CPUs, 0 hotplug CPUs
[    0.000000] PM: Registered nosave memory: [mem 0x00000000-0x00000fff]
[    0.000000] PM: Registered nosave memory: [mem 0x0009f000-0x0009ffff]
[    0.000000] PM: Registered nosave memory: [mem 0x000a0000-0x000effff]
[    0.000000] PM: Registered nosave memory: [mem 0x000f0000-0x000fffff]
[    0.000000] e820: [mem 0x40000000-0xfebfffff] available for PCI devices
[    0.000000] Booting paravirtualized kernel on KVM
[    0.000000] clocksource: refined-jiffies: mask: 0xffffffff max_cycles: 0xffffffff, max_idle_ns: 7645519600211568 ns
[    0.000000] setup_percpu: NR_CPUS:512 nr_cpumask_bits:512 nr_cpu_ids:2 nr_node_ids:1
[    0.000000] PERCPU: Embedded 33 pages/cpu @ffff88003fc00000 s95192 r8192 d31784 u1048576
[    0.000000] Built 1 zonelists in Node order, mobility grouping on.  Total pages: 257912
[    0.000000] Policy zone: DMA32
[    0.000000] Kernel command line: BOOT_IMAGE=/boot/vmlinuz-4.4.0-210-generic root=LABEL=cloudimg-rootfs ro console=tty1 console=ttyS0
[    0.000000] PID hash table entries: 4096 (order: 3, 32768 bytes)
[    0.000000] Memory: 997792K/1048120K available (8644K kernel code, 1332K rwdata, 4044K rodata, 1492K init, 1164K bss, 50328K reserved, 0K cma-reserved)
[    0.000000] SLUB: HWalign=64, Order=0-3, MinObjects=0, CPUs=2, Nodes=1
[    0.000000] Hierarchical RCU implementation.
[    0.000000] 	Build-time adjustment of leaf fanout to 64.
[    0.000000] 	RCU restricting CPUs from NR_CPUS=512 to nr_cpu_ids=2.
[    0.000000] RCU: Adjusting geometry for rcu_fanout_leaf=64, nr_cpu_ids=2
[    0.000000] NR_IRQS:33024 nr_irqs:440 16
[    0.000000] Console: colour VGA+ 80x25
[    0.000000] console [tty1] enabled
[    0.000000] console [ttyS0] enabled
[    0.000000] tsc: Detected 2419.200 MHz processor
[    0.128167] Calibrating delay loop (skipped) preset value.. 4838.40 BogoMIPS (lpj=9676800)
[    0.129529] pid_max: default: 32768 minimum: 301
[    0.130258] ACPI: Core revision 20150930
[    0.131725] ACPI: 2 ACPI AML tables successfully acquired and loaded
[    0.132833] Security Framework initialized
[    0.133552] Yama: becoming mindful.
[    0.134177] AppArmor: AppArmor initialized
[    0.134919] Dentry cache hash table entries: 131072 (order: 8, 1048576 bytes)
[    0.136046] Inode-cache hash table entries: 65536 (order: 7, 524288 bytes)
[    0.140587] Mount-cache hash table entries: 2048 (order: 2, 16384 bytes)
[    0.141586] Mountpoint-cache hash table entries: 2048 (order: 2, 16384 bytes)
[    0.142725] Initializing cgroup subsys io
[    0.143399] Initializing cgroup subsys memory
[    0.144260] Initializing cgroup subsys devices
[    0.144994] Initializing cgroup subsys freezer
[    0.145718] Initializing cgroup subsys net_cls
[    0.146448] Initializing cgroup subsys perf_event
[    0.147197] Initializing cgroup subsys net_prio
[    0.148058] Initializing cgroup subsys hugetlb
[    0.148796] Initializing cgroup subsys pids
[    0.154056] mce: CPU supports 0 MCE banks
[    0.154777] Last level iTLB entries: 4KB 0, 2MB 0, 4MB 0
[    0.155563] Last level dTLB entries: 4KB 0, 2MB 0, 4MB 0, 1GB 0
[    0.156739] Spectre V1 : Mitigation: usercopy/swapgs barriers and __user pointer sanitization
[    0.158096] Spectre V2 : Mitigation: Full generic retpoline
[    0.158930] Spectre V2 : Spectre v2 / SpectreRSB mitigation: Filling RSB on context switch
[    0.160324] Speculative Store Bypass: Vulnerable
[    0.163294] Freeing SMP alternatives memory: 36K
[    0.169345] ftrace: allocating 32380 entries in 127 pages
[    0.244887] smpboot: APIC(0) Converting physical 0 to logical package 0
[    0.247279] smpboot: Max logical packages: 1
[    0.249434] x2apic enabled
[    0.251108] Switched APIC routing to physical x2apic.
[    0.255102] ..TIMER: vector=0x30 apic1=0 pin1=2 apic2=-1 pin2=-1
[    0.365998] smpboot: CPU0: 11th Gen Intel(R) Core(TM) i5-1135G7 @ 2.40GHz (family: 0x6, model: 0x8c, stepping: 0x1)
[    0.371823] Performance Events: unsupported p6 CPU model 140 no PMU driver, software events only.
[    0.394532] KVM setup paravirtual spinlock
[    0.397281] x86: Booting SMP configuration:
[    0.398593] .... node  #0, CPUs:      #1
[    0.400273] kvm-clock: cpu 1, msr 0:3ffe3041, secondary cpu clock
[    0.405394] mce: CPU supports 0 MCE banks
[    0.407849] x86: Booted up 1 node, 2 CPUs
[    0.408629] smpboot: Total of 2 processors activated (9676.80 BogoMIPS)
[    0.409867] devtmpfs: initialized
[    0.411393] evm: security.selinux
[    0.412055] evm: security.SMACK64
[    0.412724] evm: security.SMACK64EXEC
[    0.413466] evm: security.SMACK64TRANSMUTE
[    0.414190] evm: security.SMACK64MMAP
[    0.414914] evm: security.ima
[    0.415738] evm: security.capability
[    0.417032] clocksource: jiffies: mask: 0xffffffff max_cycles: 0xffffffff, max_idle_ns: 7645041785100000 ns
[    0.419831] futex hash table entries: 512 (order: 3, 32768 bytes)
[    0.422429] pinctrl core: initialized pinctrl subsystem
[    0.423675] RTC time: 11:38:13, date: 05/20/24
[    0.430729] NET: Registered protocol family 16
[    0.442231] cpuidle: using governor ladder
[    0.455066] cpuidle: using governor menu
[    0.457124] PCCT header not found.
[    0.458982] ACPI: bus type PCI registered
[    0.461372] acpiphp: ACPI Hot Plug PCI Controller Driver version: 0.5
[    0.464072] PCI: Using configuration type 1 for base access
[    0.479017] ACPI: Added _OSI(Module Device)
[    0.481022] ACPI: Added _OSI(Processor Device)
[    0.482628] ACPI: Added _OSI(3.0 _SCP Extensions)
[    0.484398] ACPI: Added _OSI(Processor Aggregator Device)
[    0.487696] ACPI: Executed 1 blocks of module-level executable AML code
[    0.494414] ACPI: Interpreter enabled
[    0.495894] ACPI: (supports S0 S5)
[    0.497213] ACPI: Using IOAPIC for interrupt routing
[    0.499019] PCI: Using host bridge windows from ACPI; if necessary, use "pci=nocrs" and report a bug
[    0.508745] ACPI: PCI Root Bridge [PCI0] (domain 0000 [bus 00-ff])
[    0.509824] acpi PNP0A03:00: _OSC: OS supports [ASPM ClockPM Segments MSI]
[    0.510962] acpi PNP0A03:00: _OSC: not requesting OS control; OS requires [ExtendedConfig ASPM ClockPM MSI]
[    0.512995] acpi PNP0A03:00: fail to add MMCONFIG information, can't access extended PCI configuration space under this bridge.
[    0.515674] PCI host bridge to bus 0000:00
[    0.516542] pci_bus 0000:00: root bus resource [io  0x0000-0x0cf7 window]
[    0.518297] pci_bus 0000:00: root bus resource [io  0x0d00-0xffff window]
[    0.519522] pci_bus 0000:00: root bus resource [mem 0x000a0000-0x000bffff window]
[    0.520973] pci_bus 0000:00: root bus resource [mem 0x40000000-0xfdffffff window]
[    0.522436] pci_bus 0000:00: root bus resource [bus 00-ff]
[    0.524838] pci 0000:00:01.1: legacy IDE quirk: reg 0x10: [io  0x01f0-0x01f7]
[    0.525875] pci 0000:00:01.1: legacy IDE quirk: reg 0x14: [io  0x03f6]
[    0.526833] pci 0000:00:01.1: legacy IDE quirk: reg 0x18: [io  0x0170-0x0177]
[    0.527885] pci 0000:00:01.1: legacy IDE quirk: reg 0x1c: [io  0x0376]
[    0.538030] pci 0000:00:07.0: quirk: [io  0x4000-0x403f] claimed by PIIX4 ACPI
[    0.546939] pci 0000:00:07.0: quirk: [io  0x4100-0x410f] claimed by PIIX4 SMB
[    0.553473] ACPI: PCI Interrupt Link [LNKA] (IRQs 5 9 10 *11)
[    0.554832] ACPI: PCI Interrupt Link [LNKB] (IRQs 5 9 *10 11)
[    0.556058] ACPI: PCI Interrupt Link [LNKC] (IRQs 5 *9 10 11)
[    0.557293] ACPI: PCI Interrupt Link [LNKD] (IRQs 5 9 10 *11)
[    0.558533] ACPI: Enabled 2 GPEs in block 00 to 07
[    0.559603] vgaarb: setting as boot device: PCI:0000:00:02.0
[    0.560480] vgaarb: device added: PCI:0000:00:02.0,decodes=io+mem,owns=io+mem,locks=none
[    0.561852] vgaarb: loaded
[    0.562352] vgaarb: bridge control possible 0000:00:02.0
[    0.563783] SCSI subsystem initialized
[    0.565940] ACPI: bus type USB registered
[    0.567387] usbcore: registered new interface driver usbfs
[    0.569183] usbcore: registered new interface driver hub
[    0.570787] usbcore: registered new device driver usb
[    0.572686] PCI: Using ACPI for IRQ routing
[    0.574487] NetLabel: Initializing
[    0.575669] NetLabel:  domain hash size = 128
[    0.576428] NetLabel:  protocols = UNLABELED CIPSOv4
[    0.577733] NetLabel:  unlabeled traffic allowed by default
[    0.579297] amd_nb: Cannot enumerate AMD northbridges
[    0.580638] clocksource: Switched to clocksource kvm-clock
[    0.594023] AppArmor: AppArmor Filesystem Enabled
[    0.594859] pnp: PnP ACPI init
[    0.596112] pnp: PnP ACPI: found 3 devices
[    0.604622] clocksource: acpi_pm: mask: 0xffffff max_cycles: 0xffffff, max_idle_ns: 2085701024 ns
[    0.606425] NET: Registered protocol family 2
[    0.607486] TCP established hash table entries: 8192 (order: 4, 65536 bytes)
[    0.608498] TCP bind hash table entries: 8192 (order: 5, 131072 bytes)
[    0.611451] TCP: Hash tables configured (established 8192 bind 8192)
[    0.613561] UDP hash table entries: 512 (order: 2, 16384 bytes)
[    0.615520] UDP-Lite hash table entries: 512 (order: 2, 16384 bytes)
[    0.617664] NET: Registered protocol family 1
[    0.619240] pci 0000:00:00.0: Limiting direct PCI/PCI transfers
[    0.621312] pci 0000:00:01.0: Activating ISA DMA hang workarounds
[    0.630035] Unpacking initramfs...
[    0.928577] Freeing initrd memory: 14888K
[    0.930008] clocksource: tsc: mask: 0xffffffffffffffff max_cycles: 0x22df1149949, max_idle_ns: 440795312789 ns
[    0.932182] platform rtc_cmos: registered platform RTC device (no PNP device found)
[    0.934020] Scanning for low memory corruption every 60 seconds
[    0.936106] audit: initializing netlink subsys (disabled)
[    0.937934] audit: type=2000 audit(1716205098.218:1): initialized
[    0.940247] Initialise system trusted keyring
[    0.942030] HugeTLB registered 2 MB page size, pre-allocated 0 pages
[    0.946814] zbud: loaded
[    0.948609] VFS: Disk quotas dquot_6.6.0
[    0.950108] VFS: Dquot-cache hash table entries: 512 (order 0, 4096 bytes)
[    0.952536] squashfs: version 4.0 (2009/01/31) Phillip Lougher
[    0.961316] fuse init (API version 7.23)
[    0.962491] Key type big_key registered
[    0.963866] Allocating IMA MOK and blacklist keyrings.
[    0.966762] Key type asymmetric registered
[    0.968196] Asymmetric key parser 'x509' registered
[    0.969901] Block layer SCSI generic (bsg) driver version 0.4 loaded (major 249)
[    0.972559] io scheduler noop registered
[    0.973238] io scheduler deadline registered (default)
[    0.974119] io scheduler cfq registered
[    0.974871] pci_hotplug: PCI Hot Plug PCI Core version: 0.5
[    0.975720] pciehp: PCI Express Hot Plug Controller Driver version: 0.4
[    0.976794] ACPI: AC Adapter [AC] (on-line)
[    0.977522] input: Power Button as /devices/LNXSYSTM:00/LNXPWRBN:00/input/input0
[    0.978704] ACPI: Power Button [PWRF]
[    0.979365] input: Sleep Button as /devices/LNXSYSTM:00/LNXSLPBN:00/input/input1
[    0.980564] ACPI: Sleep Button [SLPF]
[    0.982019] ACPI: Battery Slot [BAT0] (battery present)
[    0.982830] GHES: HEST is not enabled!
[    0.983525] Serial: 8250/16550 driver, 32 ports, IRQ sharing enabled
[    1.004965] 00:02: ttyS0 at I/O 0x3f8 (irq = 4, base_baud = 115200) is a 16550A
[    1.008777] Linux agpgart interface v0.103
[    1.011047] loop: module loaded
[    1.012093] scsi host0: ata_piix
[    1.012821] scsi host1: ata_piix
[    1.013448] ata1: PATA max UDMA/33 cmd 0x1f0 ctl 0x3f6 bmdma 0xd000 irq 14
[    1.014963] ata2: PATA max UDMA/33 cmd 0x170 ctl 0x376 bmdma 0xd008 irq 15
[    1.017795] libphy: Fixed MDIO Bus: probed
[    1.019620] tun: Universal TUN/TAP device driver, 1.6
[    1.021932] tun: (C) 1999-2004 Max Krasnyansky <maxk@qualcomm.com>
[    1.024422] PPP generic driver version 2.4.2
[    1.026454] ehci_hcd: USB 2.0 'Enhanced' Host Controller (EHCI) Driver
[    1.028324] ehci-pci: EHCI PCI platform driver
[    1.029518] ehci-platform: EHCI generic platform driver
[    1.030864] ohci_hcd: USB 1.1 'Open' Host Controller (OHCI) Driver
[    1.032552] ohci-pci: OHCI PCI platform driver
[    1.034040] ohci-platform: OHCI generic platform driver
[    1.035377] uhci_hcd: USB Universal Host Controller Interface driver
[    1.036906] i8042: PNP: PS/2 Controller [PNP0303:PS2K,PNP0f03:PS2M] at 0x60,0x64 irq 1,12
[    1.039555] serio: i8042 KBD port at 0x60,0x64 irq 1
[    1.040854] serio: i8042 AUX port at 0x60,0x64 irq 12
[    1.042105] mousedev: PS/2 mouse device common for all mice
[    1.043501] input: AT Translated Set 2 keyboard as /devices/platform/i8042/serio0/input/input2
[    1.045696] rtc_cmos rtc_cmos: rtc core: registered rtc_cmos as rtc0
[    1.047053] rtc_cmos rtc_cmos: alarms up to one day, 114 bytes nvram
[    1.048067] i2c /dev entries driver
[    1.048736] device-mapper: uevent: version 1.0.3
[    1.049654] device-mapper: ioctl: 4.34.0-ioctl (2015-10-28) initialised: dm-devel@redhat.com
[    1.051235] ledtrig-cpu: registered to indicate activity on CPUs
[    1.052541] NET: Registered protocol family 10
[    1.053491] NET: Registered protocol family 17
[    1.054317] Key type dns_resolver registered
[    1.055503] registered taskstats version 1
[    1.056242] Loading compiled-in X.509 certificates
[    1.057574] Loaded X.509 cert 'Build time autogenerated kernel key: cf00e047681d67edb2720680708b7d9498083038'
[    1.059665] zswap: loaded using pool lzo/zbud
[    1.062549] Key type trusted registered
[    1.065609] Key type encrypted registered
[    1.066342] AppArmor: AppArmor sha1 policy hashing enabled
[    1.067328] ima: No TPM chip found, activating TPM-bypass!
[    1.068113] ima: Allocated hash algorithm: sha1
[    1.068899] evm: HMAC attrs: 0x1
[    1.069788]   Magic number: 8:244:631
[    1.070471] rtc_cmos rtc_cmos: setting system clock to 2024-05-20 11:38:14 UTC (1716205094)
[    1.071853] BIOS EDD facility v0.16 2004-Jun-25, 0 devices found
[    1.072737] EDD information not available.
[    1.202262] Freeing unused kernel memory: 1492K
[    1.205253] Write protecting the kernel read-only data: 14336k
[    1.209475] Freeing unused kernel memory: 1584K
[    1.212348] Freeing unused kernel memory: 52K
Loading, please wait...
starting version 229
[    1.227558] random: systemd-udevd: uninitialized urandom read (16 bytes read, 3 bits of entropy available)
[    1.228869] random: udevadm: uninitialized urandom read (16 bytes read, 3 bits of entropy available)
[    1.228908] random: udevadm: uninitialized urandom read (16 bytes read, 3 bits of entropy available)
[    1.234070] random: systemd-udevd: uninitialized urandom read (16 bytes read, 3 bits of entropy available)
[    1.237033] random: systemd-udevd: uninitialized urandom read (16 bytes read, 3 bits of entropy available)
[    1.240509] random: systemd-udevd: uninitialized urandom read (16 bytes read, 3 bits of entropy available)
[    1.243018] random: udevadm: uninitialized urandom read (16 bytes read, 3 bits of entropy available)
[    1.243086] random: udevadm: uninitialized urandom read (16 bytes read, 3 bits of entropy available)
[    1.243318] random: udevadm: uninitialized urandom read (16 bytes read, 3 bits of entropy available)
[    1.243387] random: udevadm: uninitialized urandom read (16 bytes read, 3 bits of entropy available)
[    1.300679] e1000: Intel(R) PRO/1000 Network Driver - version 7.3.21-k8-NAPI
[    1.302344] e1000: Copyright (c) 1999-2006 Intel Corporation.
[    1.309588] Fusion MPT base driver 3.04.20
[    1.310707] Copyright (c) 1999-2008 LSI Corporation
[    1.333818] AVX2 version of gcm_enc/dec engaged.
[    1.334949] AES CTR mode by8 optimization enabled
[    1.341078] Fusion MPT SPI Host driver 3.04.20
[    1.528438] input: ImExPS/2 Generic Explorer Mouse as /devices/platform/i8042/serio1/input/input4
[    1.719166] e1000 0000:00:03.0 eth0: (PCI:33MHz:32-bit) 02:be:82:6b:cc:1d
[    1.722564] e1000 0000:00:03.0 eth0: Intel(R) PRO/1000 Network Connection
[    2.118049] e1000 0000:00:08.0 eth1: (PCI:33MHz:32-bit) 08:00:27:f5:f4:4d
[    2.121259] e1000 0000:00:08.0 eth1: Intel(R) PRO/1000 Network Connection
[    2.127000] e1000 0000:00:03.0 enp0s3: renamed from eth0
[    2.129836] mptbase: ioc0: Initiating bringup
[    2.141760] e1000 0000:00:08.0 enp0s8: renamed from eth1
[    2.851285] ioc0: LSI53C1030 A0: Capabilities={Initiator}
[    4.409897] scsi host2: ioc0: LSI53C1030 A0, FwRev=00000000h, Ports=1, MaxQ=256, IRQ=20
[    6.021889] scsi 2:0:0:0: Direct-Access     VBOX     HARDDISK         1.0  PQ: 0 ANSI: 5
[    6.025827] scsi target2:0:0: Beginning Domain Validation
[    6.029583] scsi target2:0:0: Domain Validation skipping write tests
[    6.030442] scsi target2:0:0: Ending Domain Validation
[    6.031283] scsi target2:0:0: asynchronous
[    6.032624] scsi 2:0:1:0: Direct-Access     VBOX     HARDDISK         1.0  PQ: 0 ANSI: 5
[    6.033900] scsi target2:0:1: Beginning Domain Validation
[    6.035888] scsi target2:0:1: Domain Validation skipping write tests
[    6.050635] scsi target2:0:1: Ending Domain Validation
[    6.053003] scsi target2:0:1: asynchronous
[    6.066144] sd 2:0:0:0: Attached scsi generic sg0 type 0
[    6.067154] sd 2:0:0:0: [sda] 83886080 512-byte logical blocks: (42.9 GB/40.0 GiB)
[    6.069408] sd 2:0:1:0: [sdb] 20480 512-byte logical blocks: (10.5 MB/10.0 MiB)
[    6.069900] sd 2:0:1:0: Attached scsi generic sg1 type 0
[    6.070362] sd 2:0:0:0: [sda] Write Protect is off
[    6.070536] sd 2:0:0:0: [sda] Incomplete mode parameter data
[    6.070540] sd 2:0:0:0: [sda] Assuming drive cache: write through
[    6.072614]  sda: sda1
[    6.073838] sd 2:0:0:0: [sda] Attached SCSI disk
[    6.082859] sd 2:0:1:0: [sdb] Write Protect is off
[    6.084530] sd 2:0:1:0: [sdb] Incomplete mode parameter data
[    6.086503] sd 2:0:1:0: [sdb] Assuming drive cache: write through
[    6.091343] sd 2:0:1:0: [sdb] Attached SCSI disk
Begin: Loading essential drivers ... [    7.499237] md: linear personality registered for level -1
[    7.506202] md: multipath personality registered for level -4
[    7.514300] md: raid0 personality registered for level 0
[    7.523668] md: raid1 personality registered for level 1
[    7.601558] raid6: sse2x1   gen()  7750 MB/s
[    7.668990] raid6: sse2x1   xor()  6286 MB/s
[    7.737514] raid6: sse2x2   gen()  8927 MB/s
[    7.804777] raid6: sse2x2   xor()  6306 MB/s
[    7.872809] raid6: sse2x4   gen() 11968 MB/s
[    7.941962] raid6: sse2x4   xor()  8804 MB/s
[    8.009301] raid6: avx2x1   gen() 19350 MB/s
[    8.077304] raid6: avx2x2   gen() 21320 MB/s
[    8.145524] raid6: avx2x4   gen() 29136 MB/s
[    8.147926] raid6: using algorithm avx2x4 gen() 29136 MB/s
[    8.149699] raid6: using avx2x2 recovery algorithm
[    8.154214] xor: automatically using best checksumming function:
[    8.192716]    avx       : 23538.000 MB/sec
[    8.197270] async_tx: api initialized (async)
[    8.219372] md: raid6 personality registered for level 6
[    8.222181] md: raid5 personality registered for level 5
[    8.223719] md: raid4 personality registered for level 4
[    8.231278] md: raid10 personality registered for level 10
done.
Begin: Running /scripts/init-premount ... done.
Begin: Mounting root file system ... Begin: Running /scripts/local-top ... done.
Begin: Running /scripts/local-premount ... [    8.257059] Btrfs loaded
Scanning for Btrfs filesystems
done.
Warning: fsck not present, so skipping root file system
[    8.301670] EXT4-fs (sda1): mounted filesystem with ordered data mode. Opts: (null)
done.
Begin: Running /scripts/local-bottom ... done.
Begin: Running /scripts/init-bottom ... done.
[    8.365389] systemd[1]: systemd 229 running in system mode. (+PAM +AUDIT +SELINUX +IMA +APPARMOR +SMACK +SYSVINIT +UTMP +LIBCRYPTSETUP +GCRYPT +GNUTLS +ACL +XZ -LZ4 +SECCOMP +BLKID +ELFUTILS +KMOD -IDN)
[    8.368141] systemd[1]: Detected virtualization oracle.
[    8.368985] systemd[1]: Detected architecture x86-64.

Welcome to [1mUbuntu 16.04.7 LTS[0m!

[    8.371500] systemd[1]: Set hostname to <ubuntu-xenial>.
[    8.474487] systemd[1]: Listening on LVM2 metadata daemon socket.
[[0;32m  OK  [0m] Listening on LVM2 metadata daemon socket.
[    8.476249] systemd[1]: Listening on Syslog Socket.
[[0;32m  OK  [0m] Listening on Syslog Socket.
[    8.477720] systemd[1]: Reached target Encrypted Volumes.
[[0;32m  OK  [0m] Reached target Encrypted Volumes.
[    8.479386] systemd[1]: Created slice System Slice.
[[0;32m  OK  [0m] Created slice System Slice.
[    8.481046] systemd[1]: Created slice system-serial\x2dgetty.slice.
[[0;32m  OK  [0m] Created slice system-serial\x2dgetty.slice.
[    8.482709] systemd[1]: Listening on udev Kernel Socket.
[[0;32m  OK  [0m] Listening on udev Kernel Socket.
[    8.484196] systemd[1]: Listening on Journal Audit Socket.
[[0;32m  OK  [0m] Listening on Journal Audit Socket.
[    8.485729] systemd[1]: Listening on Journal Socket.
[[0;32m  OK  [0m] Listening on Journal Socket.
[    8.505097] systemd[1]: Starting Nameserver information manager...
         Starting Nameserver information manager...
[    8.512469] systemd[1]: Starting Load Kernel Modules...
         Starting Load Kernel Modules...
[    8.517034] systemd[1]: Mounting Huge Pages File System...
         Mounting Huge Pages File System...
[    8.519039] systemd[1]: Mounting Debug File System...
         Mounting Debug File System...
[    8.522302] systemd[1]: Mounting POSIX Message Queue File System...
         Mounting POSIX Message Queue File System...
[    8.524182] Loading iSCSI transport class v2.0-870.
[    8.524192] systemd[1]: Listening on udev Control Socket.
[[0;32m  OK  [0m] Listening on udev Control Socket.
[    8.527093] systemd[1]: Starting Create list of required static device nodes for the current kernel...
         Starting Create list of required st... nodes for the current kernel...
[    8.529895] systemd[1]: Created slice User and Session Slice.
[[0;32m  OK  [0m] Created slice User and Session Slice.
[    8.531846] systemd[1]: Reached target Slices.
[[0;32m  OK  [0m] Reached target Slices.
[    8.533400] systemd[1]: Listening on Journal Socket (/dev/log).
[    8.534294] iscsi: registered transport (tcp)
[[0;32m  OK  [0m] Listening on Journal Socket (/dev/log).
[    8.535477] systemd[1]: Started Trigger resolvconf update for networkd DNS.
[[0;32m  OK  [0m] Started Trigger resolvconf update for networkd DNS.
[    8.537341] systemd[1]: Listening on Device-mapper event daemon FIFOs.
[[0;32m  OK  [0m] Listening on Device-mapper event daemon FIFOs.
[    8.539982] systemd[1]: Starting Monitoring of LVM2 mirrors, snapshots etc. using dmeventd or progress polling...
         Starting Monitoring of LVM2 mirrors... dmeventd or progress polling...
[    8.543330] systemd[1]: Listening on LVM2 poll daemon socket.
[[0;32m  OK  [0m] Listening on LVM2 poll daemon socket.
[    8.546211] systemd[1]: Reached target System Time Synchronized.
[[0;32m  OK  [0m] Reached target System Time Synchronized.
[    8.548336] systemd[1]: Reached target Swap.
[[0;32m  OK  [0m] Reached target Swap.
[    8.552743] systemd[1]: Started Forward Password Requests to Wall Directory Watch.
[[0;32m  OK  [0m] Started Forward Password Requests to Wall Directory Watch.
[    8.555843] systemd[1]: Listening on fsck to fsckd communication Socket.
[[0;32m  OK  [0m] Listening on fsck to fsckd communication Socket.
[    8.568284] iscsi: registered transport (iser)
[    8.573324] systemd[1]: Starting File System Check on Root Device...
         Starting File System Check on Root Device...
[    8.576106] systemd[1]: Listening on /dev/initctl Compatibility Named Pipe.
[[0;32m  OK  [0m] Listening on /dev/initctl Compatibility Named Pipe.
[    8.582342] systemd[1]: Starting Journal Service...
         Starting Journal Service...
[    8.589781] systemd[1]: Starting Set console keymap...
         Starting Set console keymap...
[    8.602627] systemd[1]: Starting Uncomplicated firewall...
         Starting Uncomplicated firewall...
[    8.607680] systemd[1]: Reached target User and Group Name Lookups.
[[0;32m  OK  [0m] Reached target User and Group Name Lookups.
[    8.610422] systemd[1]: Set up automount Arbitrary Executable File Formats File System Automount Point.
[[0;32m  OK  [0m] Set up automount Arbitrary Executab...ats File System Automount Point.
[    8.646178] systemd[1]: Mounted Huge Pages File System.
[[0;32m  OK  [0m] Mounted Huge Pages File System.
[    8.648003] systemd[1]: Mounted POSIX Message Queue File System.
[[0;32m  OK  [0m] Mounted POSIX Message Queue File System.
[    8.651085] systemd[1]: Mounted Debug File System.
[[0;32m  OK  [0m] Mounted Debug File System.
[    8.654176] systemd[1]: Started Journal Service.
[[0;32m  OK  [0m] Started Journal Service.
[[0;32m  OK  [0m] Started Load Kernel Modules.
[[0;32m  OK  [0m] Started Create list of required sta...ce nodes for the current kernel.
[[0;32m  OK  [0m] Started File System Check on Root Device.
[[0;32m  OK  [0m] Started Set console keymap.
[[0;32m  OK  [0m] Started Uncomplicated firewall.
[[0;32m  OK  [0m] Started Nameserver information manager.
[[0;32m  OK  [0m] Started LVM2 metadata daemon.
[[0;32m  OK  [0m] Started File System Check Daemon to report status.
         Starting Remount Root and Kernel File Systems...
         Starting Create Static Device Nodes in /dev...
         Mounting FUSE Control File System...
         Starting Apply Kernel Variables...
[[0;32m  OK  [0m] Mounted FUSE Control File System.
[    8.712105] EXT4-fs (sda1): re-mounted. Opts: (null)
[[0;32m  OK  [0m] Started Remount Root and Kernel File Systems.
         Starting Flush Journal to Persistent Storage...
         Starting udev Coldplug all Devices...
         Starting Load/Save Random Seed...
[[0;32m  OK  [0m] Started Apply Kernel Variables.
[[0;32m  OK  [0m] Started Create Static Device Nodes in /dev.
[[0;32m  OK  [0m] Started Load/Save Random Seed.
         Starting udev Kernel Device Manager...
[[0;32m  OK  [0m] Started Flush Journal to Persistent Storage.
[[0;32m  OK  [0m] Started udev Kernel Device Manager.
[[0;32m  OK  [0m] Started udev Coldplug all Devices.
[[0;32m  OK  [0m] Started Dispatch Password Requests to Console Directory Watch.
[[0;32m  OK  [0m] Found device /dev/ttyS0.
[[0;32m  OK  [0m] Listening on Load/Save RF Kill Switch Status /dev/rfkill Watch.
[[0;32m  OK  [0m] Found device 82540EM Gigabit Ethern...r (PRO/1000 MT Desktop Adapter).
[[0;32m  OK  [0m] Found device 82540EM Gigabit Ethern...r (PRO/1000 MT Desktop Adapter).
[[0;32m  OK  [0m] Started Monitoring of LVM2 mirrors,...ng dmeventd or progress polling.
[[0;32m  OK  [0m] Reached target Local File Systems (Pre).
[[0;32m  OK  [0m] Reached target Local File Systems.
         Starting Initial cloud-init job (pre-networking)...
         Starting Set console font and keymap...
         Starting LSB: AppArmor initialization...
         Starting Tell Plymouth To Write Out Runtime Data...
         Starting Create Volatile Files and Directories...
[[0;32m  OK  [0m] Started Tell Plymouth To Write Out Runtime Data.
[[0;32m  OK  [0m] Started Create Volatile Files and Directories.
         Starting Update UTMP about System Boot/Shutdown...
[[0;32m  OK  [0m] Started LSB: AppArmor initialization.
         Starting Load AppArmor profiles managed internally by snapd...
[[0;32m  OK  [0m] Started Update UTMP about System Boot/Shutdown.
[[0;32m  OK  [0m] Started Load AppArmor profiles managed internally by snapd.
[[0;32m  OK  [0m] Started Set console font and keymap.
[[0;32m  OK  [0m] Created slice system-getty.slice.
[   10.164121] cloud-init[634]: Cloud-init v. 21.1-19-gbad84ad4-0ubuntu1~16.04.2 running 'init-local' at Mon, 20 May 2024 11:38:23 +0000. Up 9.89 seconds.
[[0;32m  OK  [0m] Started Initial cloud-init job (pre-networking).
[[0;32m  OK  [0m] Reached target Network (Pre).
         Starting Raise network interfaces...
[[0;32m  OK  [0m] Started ifup for enp0s3.
[[0;32m  OK  [0m] Started ifup for enp0s8.
[[0;32m  OK  [0m] Started Raise network interfaces.
         Starting Initial cloud-init job (metadata service crawler)...
[[0;32m  OK  [0m] Reached target Network.
[   10.926899] cloud-init[1081]: Cloud-init v. 21.1-19-gbad84ad4-0ubuntu1~16.04.2 running 'init' at Mon, 20 May 2024 11:38:24 +0000. Up 10.63 seconds.
[   10.928308] cloud-init[1081]: ci-info: ++++++++++++++++++++++++++++++++++++++Net device info+++++++++++++++++++++++++++++++++++++++
[   10.931312] cloud-init[1081]: ci-info: +--------+------+-----------------------------+---------------+--------+-------------------+
[   10.934807] cloud-init[1081]: ci-info: | Device |  Up  |           Address           |      Mask     | Scope  |     Hw-Address    |
[   10.938633] cloud-init[1081]: ci-info: +--------+------+-----------------------------+---------------+--------+-------------------+
[   10.942657] cloud-init[1081]: ci-info: | enp0s3 | True |          10.0.2.15          | 255.255.255.0 | global | 02:be:82:6b:cc:1d |
[   10.946928] cloud-init[1081]: ci-info: | enp0s3 | True |  fe80::be:82ff:fe6b:cc1d/64 |       .       |  link  | 02:be:82:6b:cc:1d |
[   10.950800] cloud-init[1081]: ci-info: | enp0s8 | True |        192.168.50.55        | 255.255.255.0 | global | 08:00:27:f5:f4:4d |
[   10.955010] cloud-init[1081]: ci-info: | enp0s8 | True | fe80::a00:27ff:fef5:f44d/64 |       .       |  link  | 08:00:27:f5:f4:4d |
[   10.957714] cloud-init[1081]: ci-info: |   lo   | True |          127.0.0.1          |   255.0.0.0   |  host  |         .         |
[   10.958956] cloud-init[1081]: ci-info: |   lo   | True |           ::1/128           |       .       |  host  |         .         |
[   10.960214] cloud-init[1081]: ci-info: +--------+------+-----------------------------+---------------+--------+-------------------+
[   10.968759] cloud-init[1081]: ci-info: ++++++++++++++++++++++++++++Route IPv4 info++++++++++++++++++++++++++++
[   10.972749] cloud-init[1081]: ci-info: +-------+--------------+----------+---------------+-----------+-------+
[   10.976523] cloud-init[1081]: ci-info: | Route | Destination  | Gateway  |    Genmask    | Interface | Flags |
[   10.980469] cloud-init[1081]: ci-info: +-------+--------------+----------+---------------+-----------+-------+
[   10.984463] cloud-init[1081]: ci-info: |   0   |   0.0.0.0    | 10.0.2.2 |    0.0.0.0    |   enp0s3  |   UG  |
[   10.987443] cloud-init[1081]: ci-info: |   1   |   10.0.2.0   | 0.0.0.0  | 255.255.255.0 |   enp0s3  |   U   |
[   10.991646] cloud-init[1081]: ci-info: |   2   | 192.168.50.0 | 0.0.0.0  | 255.255.255.0 |   enp0s8  |   U   |
[   10.995433] cloud-init[1081]: [[0;32m  OK  [0m] Started Initial cloud-init job (metadata service crawler).
[[0;32m  OK  [0m] Reached target Network is Online.
ci-info: +-------+--------------+----------+---------------+-----------+-------+
[   11.001942] cloud-init[1081]: ci-info: +++++++++++++++++++Route IPv6 info+++++++++++++++++++
[   11.004267] cloud-init[1081]: ci-info: +-------+-------------+---------+-----------+-------+
[   11.006495] cloud-init[1081]: ci-info: | Route | Destination | Gateway | Interface | Flags |
[   11.008739] cloud-init[1081]: ci-info: +-------+-------------+---------+-----------+-------+
[   11.010901] cloud-init[1081]: ci-info: |   0   |  fe80::/64  |    ::   |   enp0s8  |   U   |
[   11.013088] cloud-init[1081]: ci-info: |   1   |  fe80::/64  |    ::   |   enp0s3  |   U   |
[   11.014781] cloud-init[1081]: ci-info: |   4   |   ff00::/8  |    ::   |   enp0s8  |   U   |
[   11.016467]          cloud-initStarting iSCSI initiator daemon (iscsid)...[1081]: 
ci-info: |   5   |   ff00::/8  |    ::   |   enp0s3  |   U   |
[   11.018650] [[0;32m  OK  [0m] Reached target Cloud-config availability.
[[0;32m  OK  [0m] Reached target System Initialization.
[[0;32m  OK  [0m] Listening on ACPID Listen Socket.
[[0;32m  OK  [0m] Started Daily Cleanup of Temporary Directories.
[[0;32m  OK  [0m] Listening on UUID daemon activation socket.
cloud-init[1081]: ci-info: +-------+-------------+---------+-----------+-------+
[[0;32m  OK  [0m] Started ACPI Events Check.
[[0;32m  OK  [0m] Reached target Paths.
[[0;32m  OK  [0m] Listening on D-Bus System Message Bus Socket.
         Starting LXD - unix socket.
[[0;32m  OK  [0m] Started Daily apt download activities.
[[0;32m  OK  [0m] Started Daily apt upgrade and clean activities.
[[0;32m  OK  [0m] Started Message of the Day.
         Starting Socket activation for snappy daemon.
[[0;32m  OK  [0m] Started Ubuntu Advantage update messaging.
[[0;32m  OK  [0m] Reached target Timers.
[[0;32m  OK  [0m] Listening on LXD - unix socket.
[[0;32m  OK  [0m] Listening on Socket activation for snappy daemon.
[[0;32m  OK  [0m] Started iSCSI initiator daemon (iscsid).
         Starting Login to default iSCSI targets...
[[0;32m  OK  [0m] Reached target Sockets.
[[0;32m  OK  [0m] Reached target Basic System.
[[0;32m  OK  [0m] Started Regular background program processing daemon.
[[0;32m  OK  [0m] Started D-Bus System Message Bus.
[[0;32m  OK  [0m] Started Deferred execution scheduler.
         Starting MySQL Community Server...
         Starting LSB: Record successful boot for GRUB...
         Starting LSB: MD monitoring daemon...
         Starting Virtualbox guest utils...
         Starting Login Service...
         Starting System Logging Service...
         Starting A high performance web server and a reverse proxy server...
         Starting /etc/rc.local Compatibility...
         Starting Accounts Service...
[[0;32m  OK  [0m] Started ACPI event daemon.
         Starting OpenBSD Secure Shell server...
         Starting Snap Daemon...
[[0;32m  OK  [0m] Started FUSE filesystem for LXC.
         Starting LXD - container startup/shutdown...
[[0;32m  OK  [0m] Started /etc/rc.local Compatibility.
[[0;32m  OK  [0m] Started System Logging Service.
[[0;32m  OK  [0m] Started Login to default iSCSI targets.
[[0;32m  OK  [0m] Reached target Remote File Systems (Pre).
         Mounting /Examen-Tema7-Guillermo...
[[0;32m  OK  [0m] Started Login Service.
[[0;32m  OK  [0m] Started Unattended Upgrades Shutdown.
[[0;32m  OK  [0m] Started LSB: MD monitoring daemon.
         Starting Authenticate and Authorize Users to Run Privileged Tasks...
[[0;32m  OK  [0m] Started LSB: Record successful boot for GRUB.
[[0;1;31mFAILED[0m] Failed to mount /Examen-Tema7-Guillermo.
See 'systemctl status "Examen\\x2dTema7\\x2dGuillermo.mount"' for details.
[[0;1;33mDEPEND[0m] Dependency failed for Remote File Systems.
         Starting LSB: daemon to balance interrupts for SMP systems...
         Starting LSB: automatic crash report generation...
         Starting Permit User Sessions...
         Starting LSB: Set the CPU Frequency Scaling governor to "ondemand"...
[[0;32m  OK  [0m] Started OpenBSD Secure Shell server.
[[0;32m  OK  [0m] Started Permit User Sessions.
         Starting Hold until boot process finishes up...
         Starting Terminate Plymouth Boot Screen...
[[0;32m  OK  [0m] Started Hold until boot process finishes up.
[[0;32m  OK  [0m] Started Serial Getty on ttyS0.
         Starting Set console scheme...
[[0;32m  OK  [0m] Started Getty on tty1.
[[0;32m  OK  [0m] Reached target Login Prompts.
[[0;32m  OK  [0m] Started Terminate Plymouth Boot Screen.
[[0;32m  OK  [0m] Started LSB: daemon to balance interrupts for SMP systems.
[[0;32m  OK  [0m] Started Set console scheme.
[[0;32m  OK  [0m] Started LSB: Set the CPU Frequency Scaling governor to "ondemand".
[[0;32m  OK  [0m] Started LSB: automatic crash report generation.
[[0;32m  OK  [0m] Started LXD - container startup/shutdown.
[[0;32m  OK  [0m] Started Authenticate and Authorize Users to Run Privileged Tasks.
[[0;32m  OK  [0m] Started Accounts Service.
[[0;32m  OK  [0m] Started A high performance web server and a reverse proxy server.
[[0;32m  OK  [0m] Started Virtualbox guest utils.
[[0;32m  OK  [0m] Started Snap Daemon.
         Starting Wait until snapd is fully seeded...
[[0;32m  OK  [0m] Started Wait until snapd is fully seeded.
         Starting Apply the settings specified in cloud-config...
[[0;32m  OK  [0m] Created slice User Slice of vagrant.
         Starting User Manager for UID 1000...
[[0;32m  OK  [0m] Started Session 1 of user vagrant.
[[0;32m  OK  [0m] Started User Manager for UID 1000.
[[0;32m  OK  [0m] Started MySQL Community Server.
[[0;32m  OK  [0m] Reached target Multi-User System.
[[0;32m  OK  [0m] Reached target Graphical Interface.
         Starting Update UTMP about System Runlevel Changes...
[[0;32m  OK  [0m] Started Update UTMP about System Runlevel Changes.
[   12.501728] cloud-init[1366]: Cloud-init v. 21.1-19-gbad84ad4-0ubuntu1~16.04.2 running 'modules:config' at Mon, 20 May 2024 11:38:26 +0000. Up 12.43 seconds.
[[0;32m  OK  [0m] Started Apply the settings specified in cloud-config.
         Starting Execute cloud user/final scripts...
[   12.897584] cloud-init[1476]: Cloud-init v. 21.1-19-gbad84ad4-0ubuntu1~16.04.2 running 'modules:final' at Mon, 20 May 2024 11:38:26 +0000. Up 12.81 seconds.
[   12.899875] cloud-init[1476]: Cloud-init v. 21.1-19-gbad84ad4-0ubuntu1~16.04.2 finished at Mon, 20 May 2024 11:38:26 +0000. Datasource DataSourceNoCloud [seed=/dev/sdb][dsmode=net].  Up 12.89 seconds
[[0;32m  OK  [0m] Started Execute cloud user/final scripts.
[[0;32m  OK  [0m] Reached target Cloud-init target.

Ubuntu 16.04.7 LTS ubuntu-xenial ttyS0

ubuntu-xenial login: 